2024-08-07T11:04:44.683Z info: get products started
2024-08-07T11:04:44.695Z info: get products ended
2024-08-07T11:05:14.507Z info: get products started
2024-08-07T11:05:14.536Z info: get products ended
2024-08-07T11:05:36.421Z info: get products started
2024-08-07T11:05:36.438Z info: get products ended
2024-08-07T12:11:22.368Z info: get products started
2024-08-07T12:11:22.384Z info: get products ended
2024-08-08T05:36:35.150Z info: get products started
2024-08-08T05:36:35.178Z info: get products ended
2024-08-08T05:37:32.706Z info: get products started
2024-08-08T05:37:32.725Z info: get products ended
2024-08-08T05:42:07.038Z info: get products started
2024-08-08T05:42:07.054Z info: get products ended
2024-08-08T05:43:08.614Z info: get products started
2024-08-08T05:43:08.632Z info: get products ended
2024-08-08T06:09:12.460Z info: get products started
2024-08-08T06:09:12.473Z info: get products ended
2024-08-08T06:09:45.319Z info: get products started
2024-08-08T06:09:45.334Z info: get products ended
2024-08-08T06:10:00.894Z info: get products started
2024-08-08T06:10:00.906Z info: get products ended
2024-08-08T06:10:14.259Z info: get products started
2024-08-08T06:10:14.273Z info: get products ended
2024-08-08T06:21:57.766Z info: get products started
2024-08-08T06:21:57.780Z info: get products ended
2024-08-08T06:22:36.650Z info: get products started
2024-08-08T06:22:36.664Z info: get products ended
2024-08-08T06:51:07.783Z info: get products started
2024-08-08T06:51:07.798Z info: get products ended
2024-08-08T06:54:48.974Z info: get products started
2024-08-08T06:54:48.990Z info: get products ended
2024-08-08T06:54:59.973Z info: get products started
2024-08-08T06:54:59.990Z info: get products ended
2024-08-08T06:57:14.457Z info: get products started
2024-08-08T06:57:14.474Z info: get products ended
2024-08-08T10:52:07.852Z info: get products started
2024-08-08T10:52:07.871Z error: Exception occured during login: MongoServerError: Invalid $project :: caused by :: Cannot do exclusion on field brand in inclusion projection
    at Connection.sendCommand (/home/yogaraj/Documents/timesheet/nodejsproject/node_modules/mongodb/lib/cmap/connection.js:297:27)
    at process.processTicksAndRejections (node:internal/process/task_queues:95:5)
    at async Connection.command (/home/yogaraj/Documents/timesheet/nodejsproject/node_modules/mongodb/lib/cmap/connection.js:325:26)
    at async Server.command (/home/yogaraj/Documents/timesheet/nodejsproject/node_modules/mongodb/lib/sdam/server.js:166:24)
    at async AggregateOperation.executeCommand (/home/yogaraj/Documents/timesheet/nodejsproject/node_modules/mongodb/lib/operations/command.js:74:16)
    at async AggregateOperation.execute (/home/yogaraj/Documents/timesheet/nodejsproject/node_modules/mongodb/lib/operations/aggregate.js:85:21)
    at async executeOperation (/home/yogaraj/Documents/timesheet/nodejsproject/node_modules/mongodb/lib/operations/execute_operation.js:136:16)
    at async AggregationCursor._initialize (/home/yogaraj/Documents/timesheet/nodejsproject/node_modules/mongodb/lib/cursor/aggregation_cursor.js:46:26)
    at async [kInit] (/home/yogaraj/Documents/timesheet/nodejsproject/node_modules/mongodb/lib/cursor/abstract_cursor.js:463:27)
    at async next (/home/yogaraj/Documents/timesheet/nodejsproject/node_modules/mongodb/lib/cursor/abstract_cursor.js:520:13)
2024-08-08T10:52:07.874Z info: get products ended
2024-08-08T10:52:24.335Z info: get products started
2024-08-08T10:52:24.347Z info: get products ended
2024-08-08T10:52:47.309Z info: get products started
2024-08-08T10:52:47.315Z error: Exception occured during login: MongoServerError: Invalid $project :: caused by :: Cannot do exclusion on field brand in inclusion projection
    at Connection.sendCommand (/home/yogaraj/Documents/timesheet/nodejsproject/node_modules/mongodb/lib/cmap/connection.js:297:27)
    at process.processTicksAndRejections (node:internal/process/task_queues:95:5)
    at async Connection.command (/home/yogaraj/Documents/timesheet/nodejsproject/node_modules/mongodb/lib/cmap/connection.js:325:26)
    at async Server.command (/home/yogaraj/Documents/timesheet/nodejsproject/node_modules/mongodb/lib/sdam/server.js:166:24)
    at async AggregateOperation.executeCommand (/home/yogaraj/Documents/timesheet/nodejsproject/node_modules/mongodb/lib/operations/command.js:74:16)
    at async AggregateOperation.execute (/home/yogaraj/Documents/timesheet/nodejsproject/node_modules/mongodb/lib/operations/aggregate.js:85:21)
    at async executeOperation (/home/yogaraj/Documents/timesheet/nodejsproject/node_modules/mongodb/lib/operations/execute_operation.js:136:16)
    at async AggregationCursor._initialize (/home/yogaraj/Documents/timesheet/nodejsproject/node_modules/mongodb/lib/cursor/aggregation_cursor.js:46:26)
    at async [kInit] (/home/yogaraj/Documents/timesheet/nodejsproject/node_modules/mongodb/lib/cursor/abstract_cursor.js:463:27)
    at async next (/home/yogaraj/Documents/timesheet/nodejsproject/node_modules/mongodb/lib/cursor/abstract_cursor.js:520:13)
2024-08-08T10:52:47.318Z info: get products ended
2024-08-09T05:15:55.080Z info: get products started
2024-08-09T05:15:55.101Z error: Exception occured during login: MongoServerError: Invalid $project :: caused by :: Cannot do exclusion on field brand in inclusion projection
    at Connection.sendCommand (/home/yogaraj/Documents/timesheet/nodejsproject/node_modules/mongodb/lib/cmap/connection.js:297:27)
    at process.processTicksAndRejections (node:internal/process/task_queues:95:5)
    at async Connection.command (/home/yogaraj/Documents/timesheet/nodejsproject/node_modules/mongodb/lib/cmap/connection.js:325:26)
    at async Server.command (/home/yogaraj/Documents/timesheet/nodejsproject/node_modules/mongodb/lib/sdam/server.js:166:24)
    at async AggregateOperation.executeCommand (/home/yogaraj/Documents/timesheet/nodejsproject/node_modules/mongodb/lib/operations/command.js:74:16)
    at async AggregateOperation.execute (/home/yogaraj/Documents/timesheet/nodejsproject/node_modules/mongodb/lib/operations/aggregate.js:85:21)
    at async executeOperation (/home/yogaraj/Documents/timesheet/nodejsproject/node_modules/mongodb/lib/operations/execute_operation.js:136:16)
    at async AggregationCursor._initialize (/home/yogaraj/Documents/timesheet/nodejsproject/node_modules/mongodb/lib/cursor/aggregation_cursor.js:46:26)
    at async [kInit] (/home/yogaraj/Documents/timesheet/nodejsproject/node_modules/mongodb/lib/cursor/abstract_cursor.js:463:27)
    at async next (/home/yogaraj/Documents/timesheet/nodejsproject/node_modules/mongodb/lib/cursor/abstract_cursor.js:520:13)
2024-08-09T05:15:55.102Z info: get products ended
2024-08-12T05:17:47.743Z info: get products started
2024-08-12T05:17:47.773Z error: Exception occured during login: MongoServerError: Invalid $project :: caused by :: Cannot do exclusion on field brand in inclusion projection
    at Connection.sendCommand (/home/yogaraj/Documents/timesheet/nodejsproject/node_modules/mongodb/lib/cmap/connection.js:297:27)
    at process.processTicksAndRejections (node:internal/process/task_queues:95:5)
    at async Connection.command (/home/yogaraj/Documents/timesheet/nodejsproject/node_modules/mongodb/lib/cmap/connection.js:325:26)
    at async Server.command (/home/yogaraj/Documents/timesheet/nodejsproject/node_modules/mongodb/lib/sdam/server.js:166:24)
    at async AggregateOperation.executeCommand (/home/yogaraj/Documents/timesheet/nodejsproject/node_modules/mongodb/lib/operations/command.js:74:16)
    at async AggregateOperation.execute (/home/yogaraj/Documents/timesheet/nodejsproject/node_modules/mongodb/lib/operations/aggregate.js:85:21)
    at async executeOperation (/home/yogaraj/Documents/timesheet/nodejsproject/node_modules/mongodb/lib/operations/execute_operation.js:136:16)
    at async AggregationCursor._initialize (/home/yogaraj/Documents/timesheet/nodejsproject/node_modules/mongodb/lib/cursor/aggregation_cursor.js:46:26)
    at async [kInit] (/home/yogaraj/Documents/timesheet/nodejsproject/node_modules/mongodb/lib/cursor/abstract_cursor.js:463:27)
    at async next (/home/yogaraj/Documents/timesheet/nodejsproject/node_modules/mongodb/lib/cursor/abstract_cursor.js:520:13)
2024-08-12T05:17:47.775Z info: get products ended
2024-08-12T05:18:03.145Z info: get products started
2024-08-12T05:18:03.174Z info: get products ended
2024-08-12T05:19:52.220Z info: get products started
2024-08-12T05:19:52.241Z info: get products ended
2024-10-03T05:22:15.627Z info: get products started
2024-10-03T05:22:15.635Z info: get products ended
2024-10-03T05:23:19.486Z info: get products started
2024-10-03T05:23:19.502Z info: get products ended
2024-10-03T05:23:59.076Z info: get products started
2024-10-03T05:23:59.083Z info: get products ended
2024-10-03T05:27:36.028Z info: get products started
2024-10-03T05:27:36.045Z info: get products ended
2024-10-03T07:05:27.650Z info: get products started
2024-10-03T07:05:27.668Z info: get products ended
2024-10-03T08:59:40.164Z info: get products started
2024-10-03T08:59:40.190Z error: Exception occured during login: MongoServerError: a group specification must include an _id
    at Connection.sendCommand (/home/yogaraj/Documents/timesheet/nodejsproject/node_modules/mongodb/lib/cmap/connection.js:297:27)
    at process.processTicksAndRejections (node:internal/process/task_queues:95:5)
    at async Connection.command (/home/yogaraj/Documents/timesheet/nodejsproject/node_modules/mongodb/lib/cmap/connection.js:325:26)
    at async Server.command (/home/yogaraj/Documents/timesheet/nodejsproject/node_modules/mongodb/lib/sdam/server.js:166:24)
    at async AggregateOperation.executeCommand (/home/yogaraj/Documents/timesheet/nodejsproject/node_modules/mongodb/lib/operations/command.js:74:16)
    at async AggregateOperation.execute (/home/yogaraj/Documents/timesheet/nodejsproject/node_modules/mongodb/lib/operations/aggregate.js:85:21)
    at async executeOperation (/home/yogaraj/Documents/timesheet/nodejsproject/node_modules/mongodb/lib/operations/execute_operation.js:136:16)
    at async AggregationCursor._initialize (/home/yogaraj/Documents/timesheet/nodejsproject/node_modules/mongodb/lib/cursor/aggregation_cursor.js:46:26)
    at async [kInit] (/home/yogaraj/Documents/timesheet/nodejsproject/node_modules/mongodb/lib/cursor/abstract_cursor.js:463:27)
    at async next (/home/yogaraj/Documents/timesheet/nodejsproject/node_modules/mongodb/lib/cursor/abstract_cursor.js:520:13)
2024-10-03T08:59:40.193Z info: get products ended
2024-10-03T09:00:00.414Z info: get products started
2024-10-03T09:00:00.435Z info: get products ended
2024-10-03T09:01:48.623Z info: get products started
2024-10-03T09:01:48.653Z info: get products ended
2024-10-03T09:03:05.182Z info: get products started
2024-10-03T09:03:05.195Z error: Exception occured during login: MongoServerError: $sort stage must have at least one sort key
    at Connection.sendCommand (/home/yogaraj/Documents/timesheet/nodejsproject/node_modules/mongodb/lib/cmap/connection.js:297:27)
    at process.processTicksAndRejections (node:internal/process/task_queues:95:5)
    at async Connection.command (/home/yogaraj/Documents/timesheet/nodejsproject/node_modules/mongodb/lib/cmap/connection.js:325:26)
    at async Server.command (/home/yogaraj/Documents/timesheet/nodejsproject/node_modules/mongodb/lib/sdam/server.js:166:24)
    at async AggregateOperation.executeCommand (/home/yogaraj/Documents/timesheet/nodejsproject/node_modules/mongodb/lib/operations/command.js:74:16)
    at async AggregateOperation.execute (/home/yogaraj/Documents/timesheet/nodejsproject/node_modules/mongodb/lib/operations/aggregate.js:85:21)
    at async executeOperation (/home/yogaraj/Documents/timesheet/nodejsproject/node_modules/mongodb/lib/operations/execute_operation.js:136:16)
    at async AggregationCursor._initialize (/home/yogaraj/Documents/timesheet/nodejsproject/node_modules/mongodb/lib/cursor/aggregation_cursor.js:46:26)
    at async [kInit] (/home/yogaraj/Documents/timesheet/nodejsproject/node_modules/mongodb/lib/cursor/abstract_cursor.js:463:27)
    at async next (/home/yogaraj/Documents/timesheet/nodejsproject/node_modules/mongodb/lib/cursor/abstract_cursor.js:520:13)
2024-10-03T09:03:05.197Z info: get products ended
2024-10-03T09:04:21.944Z info: get products started
2024-10-03T09:04:21.961Z error: Exception occured during login: MongoServerError: $sort key ordering must be 1 (for ascending) or -1 (for descending)
    at Connection.sendCommand (/home/yogaraj/Documents/timesheet/nodejsproject/node_modules/mongodb/lib/cmap/connection.js:297:27)
    at process.processTicksAndRejections (node:internal/process/task_queues:95:5)
    at async Connection.command (/home/yogaraj/Documents/timesheet/nodejsproject/node_modules/mongodb/lib/cmap/connection.js:325:26)
    at async Server.command (/home/yogaraj/Documents/timesheet/nodejsproject/node_modules/mongodb/lib/sdam/server.js:166:24)
    at async AggregateOperation.executeCommand (/home/yogaraj/Documents/timesheet/nodejsproject/node_modules/mongodb/lib/operations/command.js:74:16)
    at async AggregateOperation.execute (/home/yogaraj/Documents/timesheet/nodejsproject/node_modules/mongodb/lib/operations/aggregate.js:85:21)
    at async executeOperation (/home/yogaraj/Documents/timesheet/nodejsproject/node_modules/mongodb/lib/operations/execute_operation.js:136:16)
    at async AggregationCursor._initialize (/home/yogaraj/Documents/timesheet/nodejsproject/node_modules/mongodb/lib/cursor/aggregation_cursor.js:46:26)
    at async [kInit] (/home/yogaraj/Documents/timesheet/nodejsproject/node_modules/mongodb/lib/cursor/abstract_cursor.js:463:27)
    at async next (/home/yogaraj/Documents/timesheet/nodejsproject/node_modules/mongodb/lib/cursor/abstract_cursor.js:520:13)
2024-10-03T09:04:21.964Z info: get products ended
2024-10-03T09:04:39.182Z info: get products started
2024-10-03T09:04:39.200Z info: get products ended
2024-10-03T09:04:52.685Z info: get products started
2024-10-03T09:04:52.703Z info: get products ended
2024-10-09T05:14:16.613Z info: get products started
2024-10-09T05:14:16.633Z info: get products ended
2024-10-09T05:14:31.458Z info: get products started
2024-10-09T05:14:31.463Z info: get products ended
2024-10-09T05:15:24.713Z info: get products started
2024-10-09T05:15:24.742Z info: get products ended
2024-10-09T05:15:35.763Z info: get products started
2024-10-09T05:15:35.774Z info: get products ended
2024-10-09T05:39:26.791Z info: get products started
2024-10-09T05:39:26.804Z info: get products ended
2024-10-09T05:39:48.633Z info: get products started
2024-10-09T05:39:48.647Z info: get products ended
2024-10-09T05:56:08.283Z info: get products started
2024-10-09T05:56:08.337Z info: get products ended
2024-10-09T05:58:43.890Z info: get products started
2024-10-09T05:58:43.908Z info: get products ended
2024-10-09T05:59:08.605Z info: get products started
2024-10-09T05:59:08.624Z error: Exception occured during login: MongoServerError: Unrecognized pipeline stage name: '$or'
    at Connection.sendCommand (/home/yogaraj/Documents/timesheet/nodejsproject/node_modules/mongodb/lib/cmap/connection.js:297:27)
    at process.processTicksAndRejections (node:internal/process/task_queues:95:5)
    at async Connection.command (/home/yogaraj/Documents/timesheet/nodejsproject/node_modules/mongodb/lib/cmap/connection.js:325:26)
    at async Server.command (/home/yogaraj/Documents/timesheet/nodejsproject/node_modules/mongodb/lib/sdam/server.js:166:24)
    at async AggregateOperation.executeCommand (/home/yogaraj/Documents/timesheet/nodejsproject/node_modules/mongodb/lib/operations/command.js:74:16)
    at async AggregateOperation.execute (/home/yogaraj/Documents/timesheet/nodejsproject/node_modules/mongodb/lib/operations/aggregate.js:85:21)
    at async executeOperation (/home/yogaraj/Documents/timesheet/nodejsproject/node_modules/mongodb/lib/operations/execute_operation.js:136:16)
    at async AggregationCursor._initialize (/home/yogaraj/Documents/timesheet/nodejsproject/node_modules/mongodb/lib/cursor/aggregation_cursor.js:46:26)
    at async [kInit] (/home/yogaraj/Documents/timesheet/nodejsproject/node_modules/mongodb/lib/cursor/abstract_cursor.js:463:27)
    at async next (/home/yogaraj/Documents/timesheet/nodejsproject/node_modules/mongodb/lib/cursor/abstract_cursor.js:520:13)
2024-10-09T05:59:08.627Z info: get products ended
2024-10-09T06:00:02.904Z info: get products started
2024-10-09T06:00:02.923Z info: get products ended
2024-10-09T06:00:37.743Z info: get products started
2024-10-09T06:00:37.745Z error: Exception occured during login: MongooseError: Aggregate has empty pipeline
    at Aggregate.exec (/home/yogaraj/Documents/timesheet/nodejsproject/node_modules/mongoose/lib/aggregate.js:1051:11)
    at process.processTicksAndRejections (node:internal/process/task_queues:95:5)
    at async exports.getProducts (/home/yogaraj/Documents/timesheet/nodejsproject/src/services/product.service.js:85:25)
    at async exports.getProducts (/home/yogaraj/Documents/timesheet/nodejsproject/src/controllers/product.controller.js:8:18)
2024-10-09T06:00:37.747Z info: get products ended
2024-10-09T06:01:18.347Z info: get products started
2024-10-09T06:01:18.361Z info: get products ended
2024-10-09T06:01:39.883Z info: get products started
2024-10-09T06:01:39.895Z info: get products ended
2024-10-09T06:05:39.528Z info: get products started
2024-10-09T06:05:39.541Z info: get products ended
2024-10-09T06:09:38.720Z info: get products started
2024-10-09T06:09:38.733Z info: get products ended
2024-10-09T06:09:49.703Z info: get products started
2024-10-09T06:09:49.711Z info: get products ended
2024-10-09T06:10:21.354Z info: get products started
2024-10-09T06:10:21.363Z info: get products ended
2024-10-09T06:10:42.550Z info: get products started
2024-10-09T06:10:42.558Z info: get products ended
2024-10-09T06:12:27.335Z info: get products started
2024-10-09T06:12:27.354Z info: get products ended
2024-10-09T06:12:55.633Z info: get products started
2024-10-09T06:13:06.760Z info: get products started
2024-10-09T06:13:06.774Z info: get products ended
2024-10-09T06:19:58.118Z info: get products started
2024-10-09T06:19:58.139Z error: Exception occured during login: MongoServerError: $regex has to be a string
    at Connection.sendCommand (/home/yogaraj/Documents/timesheet/nodejsproject/node_modules/mongodb/lib/cmap/connection.js:297:27)
    at process.processTicksAndRejections (node:internal/process/task_queues:95:5)
    at async Connection.command (/home/yogaraj/Documents/timesheet/nodejsproject/node_modules/mongodb/lib/cmap/connection.js:325:26)
    at async Server.command (/home/yogaraj/Documents/timesheet/nodejsproject/node_modules/mongodb/lib/sdam/server.js:166:24)
    at async AggregateOperation.executeCommand (/home/yogaraj/Documents/timesheet/nodejsproject/node_modules/mongodb/lib/operations/command.js:74:16)
    at async AggregateOperation.execute (/home/yogaraj/Documents/timesheet/nodejsproject/node_modules/mongodb/lib/operations/aggregate.js:85:21)
    at async executeOperation (/home/yogaraj/Documents/timesheet/nodejsproject/node_modules/mongodb/lib/operations/execute_operation.js:136:16)
    at async AggregationCursor._initialize (/home/yogaraj/Documents/timesheet/nodejsproject/node_modules/mongodb/lib/cursor/aggregation_cursor.js:46:26)
    at async [kInit] (/home/yogaraj/Documents/timesheet/nodejsproject/node_modules/mongodb/lib/cursor/abstract_cursor.js:463:27)
    at async next (/home/yogaraj/Documents/timesheet/nodejsproject/node_modules/mongodb/lib/cursor/abstract_cursor.js:520:13)
2024-10-09T06:19:58.142Z info: get products ended
2024-10-09T06:20:32.020Z info: get products started
2024-10-09T06:20:32.033Z info: get products ended
2024-10-09T06:21:25.896Z info: get products started
2024-10-09T06:21:25.910Z info: get products ended
2024-10-09T06:21:44.222Z info: get products started
2024-10-09T06:21:44.236Z info: get products ended
2024-10-09T06:22:08.652Z info: get products started
2024-10-09T06:22:08.670Z info: get products ended
2024-10-09T06:23:16.714Z info: get products started
2024-10-09T06:23:16.717Z error: Exception occured during login: ReferenceError: stock is not defined
    at exports.getProducts (/home/yogaraj/Documents/timesheet/nodejsproject/src/services/product.service.js:93:26)
    at exports.getProducts (/home/yogaraj/Documents/timesheet/nodejsproject/src/controllers/product.controller.js:8:39)
    at Layer.handle [as handle_request] (/home/yogaraj/Documents/timesheet/nodejsproject/node_modules/express/lib/router/layer.js:95:5)
    at next (/home/yogaraj/Documents/timesheet/nodejsproject/node_modules/express/lib/router/route.js:149:13)
    at /home/yogaraj/Documents/timesheet/nodejsproject/src/middleware/user.middleware.js:13:9
    at Layer.handle [as handle_request] (/home/yogaraj/Documents/timesheet/nodejsproject/node_modules/express/lib/router/layer.js:95:5)
    at next (/home/yogaraj/Documents/timesheet/nodejsproject/node_modules/express/lib/router/route.js:149:13)
    at /home/yogaraj/Documents/timesheet/nodejsproject/src/middleware/auth.middleware.js:15:13
    at /home/yogaraj/Documents/timesheet/nodejsproject/node_modules/jsonwebtoken/verify.js:261:12
    at getSecret (/home/yogaraj/Documents/timesheet/nodejsproject/node_modules/jsonwebtoken/verify.js:97:14)
2024-10-09T06:23:16.721Z info: get products ended
2024-10-09T06:23:33.693Z info: get products started
2024-10-09T06:23:33.705Z info: get products ended
2024-10-09T06:23:47.733Z info: get products started
2024-10-09T06:23:47.756Z info: get products ended
2024-10-09T06:23:50.631Z info: get products started
2024-10-09T06:23:50.639Z info: get products ended
2024-10-09T06:24:50.687Z info: get products started
2024-10-09T06:24:50.706Z info: get products ended
2024-10-09T06:24:56.845Z info: get products started
2024-10-09T06:24:56.850Z info: get products ended
2024-10-09T06:34:33.561Z info: get products started
2024-10-09T06:34:33.563Z error: Exception occured during login: Error: Arguments must be aggregate pipeline operators
    at Aggregate.append (/home/yogaraj/Documents/timesheet/nodejsproject/node_modules/mongoose/lib/aggregate.js:149:11)
    at new Aggregate (/home/yogaraj/Documents/timesheet/nodejsproject/node_modules/mongoose/lib/aggregate.js:59:17)
    at Function.aggregate (/home/yogaraj/Documents/timesheet/nodejsproject/node_modules/mongoose/lib/model.js:3902:21)
    at exports.getProducts (/home/yogaraj/Documents/timesheet/nodejsproject/src/services/product.service.js:105:44)
    at exports.getProducts (/home/yogaraj/Documents/timesheet/nodejsproject/src/controllers/product.controller.js:8:39)
    at Layer.handle [as handle_request] (/home/yogaraj/Documents/timesheet/nodejsproject/node_modules/express/lib/router/layer.js:95:5)
    at next (/home/yogaraj/Documents/timesheet/nodejsproject/node_modules/express/lib/router/route.js:149:13)
    at /home/yogaraj/Documents/timesheet/nodejsproject/src/middleware/user.middleware.js:13:9
    at Layer.handle [as handle_request] (/home/yogaraj/Documents/timesheet/nodejsproject/node_modules/express/lib/router/layer.js:95:5)
    at next (/home/yogaraj/Documents/timesheet/nodejsproject/node_modules/express/lib/router/route.js:149:13)
2024-10-09T06:34:33.566Z info: get products ended
2024-10-09T06:37:48.084Z info: get products started
2024-10-09T06:37:48.086Z error: Exception occured during login: Error: Arguments must be aggregate pipeline operators
    at Aggregate.append (/home/yogaraj/Documents/timesheet/nodejsproject/node_modules/mongoose/lib/aggregate.js:149:11)
    at new Aggregate (/home/yogaraj/Documents/timesheet/nodejsproject/node_modules/mongoose/lib/aggregate.js:59:17)
    at Function.aggregate (/home/yogaraj/Documents/timesheet/nodejsproject/node_modules/mongoose/lib/model.js:3902:21)
    at exports.getProducts (/home/yogaraj/Documents/timesheet/nodejsproject/src/services/product.service.js:108:44)
    at exports.getProducts (/home/yogaraj/Documents/timesheet/nodejsproject/src/controllers/product.controller.js:8:39)
    at Layer.handle [as handle_request] (/home/yogaraj/Documents/timesheet/nodejsproject/node_modules/express/lib/router/layer.js:95:5)
    at next (/home/yogaraj/Documents/timesheet/nodejsproject/node_modules/express/lib/router/route.js:149:13)
    at /home/yogaraj/Documents/timesheet/nodejsproject/src/middleware/user.middleware.js:13:9
    at Layer.handle [as handle_request] (/home/yogaraj/Documents/timesheet/nodejsproject/node_modules/express/lib/router/layer.js:95:5)
    at next (/home/yogaraj/Documents/timesheet/nodejsproject/node_modules/express/lib/router/route.js:149:13)
2024-10-09T06:37:48.090Z info: get products ended
2024-10-09T06:38:42.171Z info: get products started
2024-10-09T06:38:42.173Z error: Exception occured during login: Error: Arguments must be aggregate pipeline operators
    at Aggregate.append (/home/yogaraj/Documents/timesheet/nodejsproject/node_modules/mongoose/lib/aggregate.js:149:11)
    at new Aggregate (/home/yogaraj/Documents/timesheet/nodejsproject/node_modules/mongoose/lib/aggregate.js:59:17)
    at Function.aggregate (/home/yogaraj/Documents/timesheet/nodejsproject/node_modules/mongoose/lib/model.js:3902:21)
    at exports.getProducts (/home/yogaraj/Documents/timesheet/nodejsproject/src/services/product.service.js:110:44)
    at exports.getProducts (/home/yogaraj/Documents/timesheet/nodejsproject/src/controllers/product.controller.js:8:39)
    at Layer.handle [as handle_request] (/home/yogaraj/Documents/timesheet/nodejsproject/node_modules/express/lib/router/layer.js:95:5)
    at next (/home/yogaraj/Documents/timesheet/nodejsproject/node_modules/express/lib/router/route.js:149:13)
    at /home/yogaraj/Documents/timesheet/nodejsproject/src/middleware/user.middleware.js:13:9
    at Layer.handle [as handle_request] (/home/yogaraj/Documents/timesheet/nodejsproject/node_modules/express/lib/router/layer.js:95:5)
    at next (/home/yogaraj/Documents/timesheet/nodejsproject/node_modules/express/lib/router/route.js:149:13)
2024-10-09T06:38:42.175Z info: get products ended
2024-10-09T06:39:05.735Z info: get products started
2024-10-09T06:39:05.749Z info: get products ended
2024-10-09T06:41:49.796Z info: get products started
2024-10-09T06:41:49.798Z error: Exception occured during login: Error: Arguments must be aggregate pipeline operators
    at Aggregate.append (/home/yogaraj/Documents/timesheet/nodejsproject/node_modules/mongoose/lib/aggregate.js:149:11)
    at new Aggregate (/home/yogaraj/Documents/timesheet/nodejsproject/node_modules/mongoose/lib/aggregate.js:59:17)
    at Function.aggregate (/home/yogaraj/Documents/timesheet/nodejsproject/node_modules/mongoose/lib/model.js:3902:21)
    at exports.getProducts (/home/yogaraj/Documents/timesheet/nodejsproject/src/services/product.service.js:110:44)
    at exports.getProducts (/home/yogaraj/Documents/timesheet/nodejsproject/src/controllers/product.controller.js:8:39)
    at Layer.handle [as handle_request] (/home/yogaraj/Documents/timesheet/nodejsproject/node_modules/express/lib/router/layer.js:95:5)
    at next (/home/yogaraj/Documents/timesheet/nodejsproject/node_modules/express/lib/router/route.js:149:13)
    at /home/yogaraj/Documents/timesheet/nodejsproject/src/middleware/user.middleware.js:13:9
    at Layer.handle [as handle_request] (/home/yogaraj/Documents/timesheet/nodejsproject/node_modules/express/lib/router/layer.js:95:5)
    at next (/home/yogaraj/Documents/timesheet/nodejsproject/node_modules/express/lib/router/route.js:149:13)
2024-10-09T06:41:49.800Z info: get products ended
2024-10-09T06:41:54.618Z info: get products started
2024-10-09T06:41:54.618Z error: Exception occured during login: Error: Arguments must be aggregate pipeline operators
    at Aggregate.append (/home/yogaraj/Documents/timesheet/nodejsproject/node_modules/mongoose/lib/aggregate.js:149:11)
    at new Aggregate (/home/yogaraj/Documents/timesheet/nodejsproject/node_modules/mongoose/lib/aggregate.js:59:17)
    at Function.aggregate (/home/yogaraj/Documents/timesheet/nodejsproject/node_modules/mongoose/lib/model.js:3902:21)
    at exports.getProducts (/home/yogaraj/Documents/timesheet/nodejsproject/src/services/product.service.js:110:44)
    at exports.getProducts (/home/yogaraj/Documents/timesheet/nodejsproject/src/controllers/product.controller.js:8:39)
    at Layer.handle [as handle_request] (/home/yogaraj/Documents/timesheet/nodejsproject/node_modules/express/lib/router/layer.js:95:5)
    at next (/home/yogaraj/Documents/timesheet/nodejsproject/node_modules/express/lib/router/route.js:149:13)
    at /home/yogaraj/Documents/timesheet/nodejsproject/src/middleware/user.middleware.js:13:9
    at Layer.handle [as handle_request] (/home/yogaraj/Documents/timesheet/nodejsproject/node_modules/express/lib/router/layer.js:95:5)
    at next (/home/yogaraj/Documents/timesheet/nodejsproject/node_modules/express/lib/router/route.js:149:13)
2024-10-09T06:41:54.619Z info: get products ended
2024-10-09T06:46:07.398Z info: get products started
2024-10-09T06:46:07.413Z info: get products ended
2024-10-09T06:47:33.317Z info: get products started
2024-10-09T06:47:33.332Z info: get products ended
2024-10-09T06:47:52.085Z info: get products started
2024-10-09T06:47:52.094Z info: get products ended
2024-10-09T06:48:02.666Z info: get products started
2024-10-09T06:48:02.672Z info: get products ended
2024-10-09T06:48:45.107Z info: get products started
2024-10-09T06:48:45.114Z info: get products ended
2024-10-09T06:49:02.955Z info: get products started
2024-10-09T06:49:02.963Z info: get products ended
2024-10-09T06:49:21.722Z info: get products started
2024-10-09T06:49:21.729Z info: get products ended
2024-10-09T06:49:43.836Z info: get products started
2024-10-09T06:49:43.842Z info: get products ended
2024-10-09T06:51:51.641Z info: get products started
2024-10-09T06:51:51.653Z info: get products ended
2024-10-09T06:51:56.535Z info: get products started
2024-10-09T06:51:56.542Z info: get products ended
2024-10-09T07:00:26.728Z info: get products started
2024-10-09T07:00:26.742Z info: get products ended
2024-10-09T07:01:51.735Z info: get products started
2024-10-09T07:01:51.754Z info: get products ended
2024-10-09T07:31:01.856Z info: get products started
2024-10-09T07:31:01.858Z error: Exception occured during login: ReferenceError: stock is not defined
    at exports.getProducts (/home/yogaraj/Documents/timesheet/nodejsproject/src/services/product.service.js:83:39)
    at exports.getProducts (/home/yogaraj/Documents/timesheet/nodejsproject/src/controllers/product.controller.js:8:39)
    at Layer.handle [as handle_request] (/home/yogaraj/Documents/timesheet/nodejsproject/node_modules/express/lib/router/layer.js:95:5)
    at next (/home/yogaraj/Documents/timesheet/nodejsproject/node_modules/express/lib/router/route.js:149:13)
    at /home/yogaraj/Documents/timesheet/nodejsproject/src/middleware/user.middleware.js:13:9
    at Layer.handle [as handle_request] (/home/yogaraj/Documents/timesheet/nodejsproject/node_modules/express/lib/router/layer.js:95:5)
    at next (/home/yogaraj/Documents/timesheet/nodejsproject/node_modules/express/lib/router/route.js:149:13)
    at /home/yogaraj/Documents/timesheet/nodejsproject/src/middleware/auth.middleware.js:15:13
    at /home/yogaraj/Documents/timesheet/nodejsproject/node_modules/jsonwebtoken/verify.js:261:12
    at getSecret (/home/yogaraj/Documents/timesheet/nodejsproject/node_modules/jsonwebtoken/verify.js:97:14)
2024-10-09T07:31:01.865Z info: get products ended
2024-10-09T07:31:25.074Z info: get products started
2024-10-09T07:31:25.088Z error: Exception occured during login: MongoServerError: a group specification must include an _id
    at Connection.sendCommand (/home/yogaraj/Documents/timesheet/nodejsproject/node_modules/mongodb/lib/cmap/connection.js:297:27)
    at process.processTicksAndRejections (node:internal/process/task_queues:95:5)
    at async Connection.command (/home/yogaraj/Documents/timesheet/nodejsproject/node_modules/mongodb/lib/cmap/connection.js:325:26)
    at async Server.command (/home/yogaraj/Documents/timesheet/nodejsproject/node_modules/mongodb/lib/sdam/server.js:166:24)
    at async AggregateOperation.executeCommand (/home/yogaraj/Documents/timesheet/nodejsproject/node_modules/mongodb/lib/operations/command.js:74:16)
    at async AggregateOperation.execute (/home/yogaraj/Documents/timesheet/nodejsproject/node_modules/mongodb/lib/operations/aggregate.js:85:21)
    at async executeOperation (/home/yogaraj/Documents/timesheet/nodejsproject/node_modules/mongodb/lib/operations/execute_operation.js:136:16)
    at async AggregationCursor._initialize (/home/yogaraj/Documents/timesheet/nodejsproject/node_modules/mongodb/lib/cursor/aggregation_cursor.js:46:26)
    at async [kInit] (/home/yogaraj/Documents/timesheet/nodejsproject/node_modules/mongodb/lib/cursor/abstract_cursor.js:463:27)
    at async next (/home/yogaraj/Documents/timesheet/nodejsproject/node_modules/mongodb/lib/cursor/abstract_cursor.js:520:13)
2024-10-09T07:31:25.091Z info: get products ended
2024-10-09T07:31:41.439Z info: get products started
2024-10-09T07:31:41.441Z error: Exception occured during login: ReferenceError: id is not defined
    at exports.getProducts (/home/yogaraj/Documents/timesheet/nodejsproject/src/services/product.service.js:83:26)
    at exports.getProducts (/home/yogaraj/Documents/timesheet/nodejsproject/src/controllers/product.controller.js:8:39)
    at Layer.handle [as handle_request] (/home/yogaraj/Documents/timesheet/nodejsproject/node_modules/express/lib/router/layer.js:95:5)
    at next (/home/yogaraj/Documents/timesheet/nodejsproject/node_modules/express/lib/router/route.js:149:13)
    at /home/yogaraj/Documents/timesheet/nodejsproject/src/middleware/user.middleware.js:13:9
    at Layer.handle [as handle_request] (/home/yogaraj/Documents/timesheet/nodejsproject/node_modules/express/lib/router/layer.js:95:5)
    at next (/home/yogaraj/Documents/timesheet/nodejsproject/node_modules/express/lib/router/route.js:149:13)
    at /home/yogaraj/Documents/timesheet/nodejsproject/src/middleware/auth.middleware.js:15:13
    at /home/yogaraj/Documents/timesheet/nodejsproject/node_modules/jsonwebtoken/verify.js:261:12
    at getSecret (/home/yogaraj/Documents/timesheet/nodejsproject/node_modules/jsonwebtoken/verify.js:97:14)
2024-10-09T07:31:41.444Z info: get products ended
2024-10-09T07:31:53.211Z info: get products started
2024-10-09T07:31:53.213Z error: Exception occured during login: ReferenceError: _id is not defined
    at exports.getProducts (/home/yogaraj/Documents/timesheet/nodejsproject/src/services/product.service.js:83:25)
    at exports.getProducts (/home/yogaraj/Documents/timesheet/nodejsproject/src/controllers/product.controller.js:8:39)
    at Layer.handle [as handle_request] (/home/yogaraj/Documents/timesheet/nodejsproject/node_modules/express/lib/router/layer.js:95:5)
    at next (/home/yogaraj/Documents/timesheet/nodejsproject/node_modules/express/lib/router/route.js:149:13)
    at /home/yogaraj/Documents/timesheet/nodejsproject/src/middleware/user.middleware.js:13:9
    at Layer.handle [as handle_request] (/home/yogaraj/Documents/timesheet/nodejsproject/node_modules/express/lib/router/layer.js:95:5)
    at next (/home/yogaraj/Documents/timesheet/nodejsproject/node_modules/express/lib/router/route.js:149:13)
    at /home/yogaraj/Documents/timesheet/nodejsproject/src/middleware/auth.middleware.js:15:13
    at /home/yogaraj/Documents/timesheet/nodejsproject/node_modules/jsonwebtoken/verify.js:261:12
    at getSecret (/home/yogaraj/Documents/timesheet/nodejsproject/node_modules/jsonwebtoken/verify.js:97:14)
2024-10-09T07:31:53.216Z info: get products ended
2024-10-09T07:32:13.344Z info: get products started
2024-10-09T07:32:13.346Z error: Exception occured during login: ReferenceError: _id is not defined
    at exports.getProducts (/home/yogaraj/Documents/timesheet/nodejsproject/src/services/product.service.js:71:25)
    at exports.getProducts (/home/yogaraj/Documents/timesheet/nodejsproject/src/controllers/product.controller.js:8:39)
    at Layer.handle [as handle_request] (/home/yogaraj/Documents/timesheet/nodejsproject/node_modules/express/lib/router/layer.js:95:5)
    at next (/home/yogaraj/Documents/timesheet/nodejsproject/node_modules/express/lib/router/route.js:149:13)
    at /home/yogaraj/Documents/timesheet/nodejsproject/src/middleware/user.middleware.js:13:9
    at Layer.handle [as handle_request] (/home/yogaraj/Documents/timesheet/nodejsproject/node_modules/express/lib/router/layer.js:95:5)
    at next (/home/yogaraj/Documents/timesheet/nodejsproject/node_modules/express/lib/router/route.js:149:13)
    at /home/yogaraj/Documents/timesheet/nodejsproject/src/middleware/auth.middleware.js:15:13
    at /home/yogaraj/Documents/timesheet/nodejsproject/node_modules/jsonwebtoken/verify.js:261:12
    at getSecret (/home/yogaraj/Documents/timesheet/nodejsproject/node_modules/jsonwebtoken/verify.js:97:14)
2024-10-09T07:32:13.349Z info: get products ended
2024-10-09T07:32:27.645Z info: get products started
2024-10-09T07:32:27.665Z info: get products ended
2024-10-09T08:56:37.860Z info: get products started
2024-10-09T08:56:37.875Z info: get products ended
2024-10-09T08:56:55.149Z info: get products started
2024-10-09T08:56:55.160Z info: get products ended
2024-10-09T08:58:39.590Z info: get products started
2024-10-09T08:58:39.609Z info: get products ended
2024-10-09T08:59:38.696Z info: get products started
2024-10-09T08:59:38.711Z info: get products ended
2024-10-09T08:59:44.977Z info: get products started
2024-10-09T08:59:44.983Z info: get products ended
2024-10-09T08:59:45.814Z info: get products started
2024-10-09T08:59:45.821Z info: get products ended
2024-10-09T08:59:46.148Z info: get products started
2024-10-09T08:59:46.154Z info: get products ended
2024-10-09T08:59:56.871Z info: get products started
2024-10-09T08:59:56.886Z info: get products ended
2024-10-09T08:59:58.991Z info: get products started
2024-10-09T08:59:58.998Z info: get products ended
2024-10-09T09:00:10.033Z info: get products started
2024-10-09T09:00:10.049Z info: get products ended
2024-10-09T09:00:16.161Z info: get products started
2024-10-09T09:00:16.175Z info: get products ended
2024-10-09T09:02:02.361Z info: get products started
2024-10-09T09:02:02.376Z info: get products ended
2024-10-09T09:02:51.516Z info: get products started
2024-10-09T09:02:51.536Z info: get products ended
2024-10-09T09:08:59.136Z info: get products started
2024-10-09T09:08:59.157Z info: get products ended
2024-10-09T09:09:34.087Z info: get products started
2024-10-09T09:09:34.101Z info: get products ended
2024-10-09T10:38:28.966Z info: get products started
2024-10-09T10:38:28.985Z info: get products ended
2024-10-09T10:38:41.363Z info: get products started
2024-10-09T10:38:41.372Z info: get products ended
2024-10-09T11:07:32.352Z info: get products started
2024-10-09T11:07:32.365Z info: get products ended
2024-10-09T11:28:20.181Z info: get products started
2024-10-09T11:28:20.198Z info: get products ended
2024-10-14T06:57:44.995Z info: get products started
2024-10-14T06:57:45.011Z info: get products ended
2024-10-14T09:22:16.463Z info: get products started
2024-10-14T09:22:16.477Z info: get products ended
2024-10-14T09:22:16.480Z info: get products started
2024-10-14T09:22:16.528Z info: get products ended
2024-10-14T09:23:24.835Z info: get products started
2024-10-14T09:23:24.849Z info: get products ended
2024-10-14T09:23:24.853Z info: get products started
2024-10-14T09:23:24.904Z info: get products ended
2024-10-14T09:23:42.085Z info: get products started
2024-10-14T09:23:42.096Z info: get products ended
2024-10-14T09:23:42.099Z info: get products started
2024-10-14T09:23:42.163Z info: get products ended
2024-10-14T09:24:32.379Z info: get products started
2024-10-14T09:24:32.394Z info: get products ended
2024-10-14T09:24:32.397Z info: get products started
2024-10-14T09:24:32.447Z info: get products ended
2024-10-14T09:25:03.827Z info: get products started
2024-10-14T09:25:03.837Z info: get products ended
2024-10-14T09:25:03.842Z info: get products started
2024-10-14T09:25:03.891Z info: get products ended
2024-10-14T09:31:14.796Z info: get products started
2024-10-14T09:31:14.884Z info: get products ended
2024-10-14T09:31:14.898Z info: get products started
2024-10-14T09:31:14.951Z info: get products ended
2024-10-17T09:26:50.660Z info: get products started
2024-10-17T09:26:51.182Z info: get products ended
2024-10-17T09:26:51.426Z info: get products started
2024-10-17T09:26:51.757Z info: get products ended
2024-10-17T10:06:52.559Z info: get products started
2024-10-17T10:06:52.676Z info: get products ended
2024-10-17T10:06:52.682Z info: get products started
2024-10-17T10:06:52.748Z info: get products ended
2024-10-17T10:24:32.433Z info: get products started
2024-10-17T10:24:32.568Z info: get products ended
2024-10-17T10:24:32.607Z info: get products started
2024-10-17T10:24:32.631Z info: get products ended
2024-10-17T10:24:35.146Z info: get products started
2024-10-17T10:24:35.281Z info: get products ended
2024-10-17T10:25:26.673Z info: get products started
2024-10-17T10:25:26.684Z info: get products ended
2024-10-17T10:25:26.687Z info: get products started
2024-10-17T10:25:26.738Z info: get products ended
2024-10-17T10:25:32.496Z info: get products started
2024-10-17T10:25:32.518Z info: get products ended
2024-10-17T10:26:52.568Z info: get products started
2024-10-17T10:26:52.662Z info: get products ended
2024-10-17T10:26:52.673Z info: get products started
2024-10-17T10:26:52.790Z info: get products ended
2024-10-17T10:27:12.780Z info: get products started
2024-10-17T10:27:12.898Z info: get products ended
2024-10-17T10:27:12.908Z info: get products started
2024-10-17T10:27:12.965Z info: get products ended
2024-10-17T10:27:15.594Z info: get products started
2024-10-17T10:27:15.667Z info: get products ended
2024-10-17T10:35:44.047Z info: get products started
2024-10-17T10:35:44.209Z info: get products ended
2024-10-17T10:35:44.259Z info: get products started
2024-10-17T10:35:44.281Z info: get products ended
2024-10-17T10:36:53.379Z info: get products started
2024-10-17T10:36:53.564Z info: get products ended
2024-10-17T10:36:53.609Z info: get products started
2024-10-17T10:36:53.642Z info: get products ended
2024-10-17T10:37:00.608Z info: get products started
2024-10-17T10:37:00.701Z info: get products ended
2024-10-17T10:38:49.834Z info: get products started
2024-10-17T10:38:50.033Z info: get products ended
2024-10-17T10:38:50.118Z info: get products started
2024-10-17T10:38:50.196Z info: get products ended
2024-10-17T10:38:55.226Z info: get products started
2024-10-17T10:38:55.555Z info: get products ended
2024-10-17T10:41:37.572Z info: get products started
2024-10-17T10:41:37.668Z info: get products ended
2024-10-17T10:41:37.709Z info: get products started
2024-10-17T10:41:37.835Z info: get products ended
2024-10-17T10:41:43.556Z info: get products started
2024-10-17T10:41:43.614Z info: get products ended
2024-10-18T07:00:16.912Z info: get products started
2024-10-18T07:00:16.927Z info: get products ended
2024-10-18T07:07:36.059Z info: get products started
2024-10-18T07:07:36.074Z info: get products ended
2024-10-18T07:08:01.785Z info: get products started
2024-10-18T07:08:01.802Z info: get products ended
2024-10-18T07:17:21.260Z info: get products started
2024-10-18T07:17:21.305Z info: get products ended
2024-10-18T07:19:49.616Z info: get products started
2024-10-18T07:19:49.633Z info: get products ended
2025-07-09T10:59:27.728Z info: get products started
2025-07-09T10:59:27.749Z info: get products ended
2025-07-09T10:59:27.752Z info: get products started
2025-07-09T10:59:27.757Z info: get products ended
2025-07-09T11:04:02.708Z info: get products started
2025-07-09T11:04:02.727Z info: get products ended
2025-07-09T11:04:02.730Z info: get products started
2025-07-09T11:04:02.736Z info: get products ended
2025-07-09T11:04:59.528Z info: get products started
2025-07-09T11:04:59.538Z info: get products ended
2025-07-09T11:05:01.551Z info: get products started
2025-07-09T11:05:01.558Z info: get products ended
