2024-08-08T10:52:07.871Z error: Exception occured during login: MongoServerError: Invalid $project :: caused by :: Cannot do exclusion on field brand in inclusion projection
    at Connection.sendCommand (/home/yogaraj/Documents/timesheet/nodejsproject/node_modules/mongodb/lib/cmap/connection.js:297:27)
    at process.processTicksAndRejections (node:internal/process/task_queues:95:5)
    at async Connection.command (/home/yogaraj/Documents/timesheet/nodejsproject/node_modules/mongodb/lib/cmap/connection.js:325:26)
    at async Server.command (/home/yogaraj/Documents/timesheet/nodejsproject/node_modules/mongodb/lib/sdam/server.js:166:24)
    at async AggregateOperation.executeCommand (/home/yogaraj/Documents/timesheet/nodejsproject/node_modules/mongodb/lib/operations/command.js:74:16)
    at async AggregateOperation.execute (/home/yogaraj/Documents/timesheet/nodejsproject/node_modules/mongodb/lib/operations/aggregate.js:85:21)
    at async executeOperation (/home/yogaraj/Documents/timesheet/nodejsproject/node_modules/mongodb/lib/operations/execute_operation.js:136:16)
    at async AggregationCursor._initialize (/home/yogaraj/Documents/timesheet/nodejsproject/node_modules/mongodb/lib/cursor/aggregation_cursor.js:46:26)
    at async [kInit] (/home/yogaraj/Documents/timesheet/nodejsproject/node_modules/mongodb/lib/cursor/abstract_cursor.js:463:27)
    at async next (/home/yogaraj/Documents/timesheet/nodejsproject/node_modules/mongodb/lib/cursor/abstract_cursor.js:520:13)
2024-08-08T10:52:47.315Z error: Exception occured during login: MongoServerError: Invalid $project :: caused by :: Cannot do exclusion on field brand in inclusion projection
    at Connection.sendCommand (/home/yogaraj/Documents/timesheet/nodejsproject/node_modules/mongodb/lib/cmap/connection.js:297:27)
    at process.processTicksAndRejections (node:internal/process/task_queues:95:5)
    at async Connection.command (/home/yogaraj/Documents/timesheet/nodejsproject/node_modules/mongodb/lib/cmap/connection.js:325:26)
    at async Server.command (/home/yogaraj/Documents/timesheet/nodejsproject/node_modules/mongodb/lib/sdam/server.js:166:24)
    at async AggregateOperation.executeCommand (/home/yogaraj/Documents/timesheet/nodejsproject/node_modules/mongodb/lib/operations/command.js:74:16)
    at async AggregateOperation.execute (/home/yogaraj/Documents/timesheet/nodejsproject/node_modules/mongodb/lib/operations/aggregate.js:85:21)
    at async executeOperation (/home/yogaraj/Documents/timesheet/nodejsproject/node_modules/mongodb/lib/operations/execute_operation.js:136:16)
    at async AggregationCursor._initialize (/home/yogaraj/Documents/timesheet/nodejsproject/node_modules/mongodb/lib/cursor/aggregation_cursor.js:46:26)
    at async [kInit] (/home/yogaraj/Documents/timesheet/nodejsproject/node_modules/mongodb/lib/cursor/abstract_cursor.js:463:27)
    at async next (/home/yogaraj/Documents/timesheet/nodejsproject/node_modules/mongodb/lib/cursor/abstract_cursor.js:520:13)
2024-08-09T05:15:55.101Z error: Exception occured during login: MongoServerError: Invalid $project :: caused by :: Cannot do exclusion on field brand in inclusion projection
    at Connection.sendCommand (/home/yogaraj/Documents/timesheet/nodejsproject/node_modules/mongodb/lib/cmap/connection.js:297:27)
    at process.processTicksAndRejections (node:internal/process/task_queues:95:5)
    at async Connection.command (/home/yogaraj/Documents/timesheet/nodejsproject/node_modules/mongodb/lib/cmap/connection.js:325:26)
    at async Server.command (/home/yogaraj/Documents/timesheet/nodejsproject/node_modules/mongodb/lib/sdam/server.js:166:24)
    at async AggregateOperation.executeCommand (/home/yogaraj/Documents/timesheet/nodejsproject/node_modules/mongodb/lib/operations/command.js:74:16)
    at async AggregateOperation.execute (/home/yogaraj/Documents/timesheet/nodejsproject/node_modules/mongodb/lib/operations/aggregate.js:85:21)
    at async executeOperation (/home/yogaraj/Documents/timesheet/nodejsproject/node_modules/mongodb/lib/operations/execute_operation.js:136:16)
    at async AggregationCursor._initialize (/home/yogaraj/Documents/timesheet/nodejsproject/node_modules/mongodb/lib/cursor/aggregation_cursor.js:46:26)
    at async [kInit] (/home/yogaraj/Documents/timesheet/nodejsproject/node_modules/mongodb/lib/cursor/abstract_cursor.js:463:27)
    at async next (/home/yogaraj/Documents/timesheet/nodejsproject/node_modules/mongodb/lib/cursor/abstract_cursor.js:520:13)
2024-08-12T05:17:47.773Z error: Exception occured during login: MongoServerError: Invalid $project :: caused by :: Cannot do exclusion on field brand in inclusion projection
    at Connection.sendCommand (/home/yogaraj/Documents/timesheet/nodejsproject/node_modules/mongodb/lib/cmap/connection.js:297:27)
    at process.processTicksAndRejections (node:internal/process/task_queues:95:5)
    at async Connection.command (/home/yogaraj/Documents/timesheet/nodejsproject/node_modules/mongodb/lib/cmap/connection.js:325:26)
    at async Server.command (/home/yogaraj/Documents/timesheet/nodejsproject/node_modules/mongodb/lib/sdam/server.js:166:24)
    at async AggregateOperation.executeCommand (/home/yogaraj/Documents/timesheet/nodejsproject/node_modules/mongodb/lib/operations/command.js:74:16)
    at async AggregateOperation.execute (/home/yogaraj/Documents/timesheet/nodejsproject/node_modules/mongodb/lib/operations/aggregate.js:85:21)
    at async executeOperation (/home/yogaraj/Documents/timesheet/nodejsproject/node_modules/mongodb/lib/operations/execute_operation.js:136:16)
    at async AggregationCursor._initialize (/home/yogaraj/Documents/timesheet/nodejsproject/node_modules/mongodb/lib/cursor/aggregation_cursor.js:46:26)
    at async [kInit] (/home/yogaraj/Documents/timesheet/nodejsproject/node_modules/mongodb/lib/cursor/abstract_cursor.js:463:27)
    at async next (/home/yogaraj/Documents/timesheet/nodejsproject/node_modules/mongodb/lib/cursor/abstract_cursor.js:520:13)
2024-10-03T08:59:40.190Z error: Exception occured during login: MongoServerError: a group specification must include an _id
    at Connection.sendCommand (/home/yogaraj/Documents/timesheet/nodejsproject/node_modules/mongodb/lib/cmap/connection.js:297:27)
    at process.processTicksAndRejections (node:internal/process/task_queues:95:5)
    at async Connection.command (/home/yogaraj/Documents/timesheet/nodejsproject/node_modules/mongodb/lib/cmap/connection.js:325:26)
    at async Server.command (/home/yogaraj/Documents/timesheet/nodejsproject/node_modules/mongodb/lib/sdam/server.js:166:24)
    at async AggregateOperation.executeCommand (/home/yogaraj/Documents/timesheet/nodejsproject/node_modules/mongodb/lib/operations/command.js:74:16)
    at async AggregateOperation.execute (/home/yogaraj/Documents/timesheet/nodejsproject/node_modules/mongodb/lib/operations/aggregate.js:85:21)
    at async executeOperation (/home/yogaraj/Documents/timesheet/nodejsproject/node_modules/mongodb/lib/operations/execute_operation.js:136:16)
    at async AggregationCursor._initialize (/home/yogaraj/Documents/timesheet/nodejsproject/node_modules/mongodb/lib/cursor/aggregation_cursor.js:46:26)
    at async [kInit] (/home/yogaraj/Documents/timesheet/nodejsproject/node_modules/mongodb/lib/cursor/abstract_cursor.js:463:27)
    at async next (/home/yogaraj/Documents/timesheet/nodejsproject/node_modules/mongodb/lib/cursor/abstract_cursor.js:520:13)
2024-10-03T09:03:05.195Z error: Exception occured during login: MongoServerError: $sort stage must have at least one sort key
    at Connection.sendCommand (/home/yogaraj/Documents/timesheet/nodejsproject/node_modules/mongodb/lib/cmap/connection.js:297:27)
    at process.processTicksAndRejections (node:internal/process/task_queues:95:5)
    at async Connection.command (/home/yogaraj/Documents/timesheet/nodejsproject/node_modules/mongodb/lib/cmap/connection.js:325:26)
    at async Server.command (/home/yogaraj/Documents/timesheet/nodejsproject/node_modules/mongodb/lib/sdam/server.js:166:24)
    at async AggregateOperation.executeCommand (/home/yogaraj/Documents/timesheet/nodejsproject/node_modules/mongodb/lib/operations/command.js:74:16)
    at async AggregateOperation.execute (/home/yogaraj/Documents/timesheet/nodejsproject/node_modules/mongodb/lib/operations/aggregate.js:85:21)
    at async executeOperation (/home/yogaraj/Documents/timesheet/nodejsproject/node_modules/mongodb/lib/operations/execute_operation.js:136:16)
    at async AggregationCursor._initialize (/home/yogaraj/Documents/timesheet/nodejsproject/node_modules/mongodb/lib/cursor/aggregation_cursor.js:46:26)
    at async [kInit] (/home/yogaraj/Documents/timesheet/nodejsproject/node_modules/mongodb/lib/cursor/abstract_cursor.js:463:27)
    at async next (/home/yogaraj/Documents/timesheet/nodejsproject/node_modules/mongodb/lib/cursor/abstract_cursor.js:520:13)
2024-10-03T09:04:21.961Z error: Exception occured during login: MongoServerError: $sort key ordering must be 1 (for ascending) or -1 (for descending)
    at Connection.sendCommand (/home/yogaraj/Documents/timesheet/nodejsproject/node_modules/mongodb/lib/cmap/connection.js:297:27)
    at process.processTicksAndRejections (node:internal/process/task_queues:95:5)
    at async Connection.command (/home/yogaraj/Documents/timesheet/nodejsproject/node_modules/mongodb/lib/cmap/connection.js:325:26)
    at async Server.command (/home/yogaraj/Documents/timesheet/nodejsproject/node_modules/mongodb/lib/sdam/server.js:166:24)
    at async AggregateOperation.executeCommand (/home/yogaraj/Documents/timesheet/nodejsproject/node_modules/mongodb/lib/operations/command.js:74:16)
    at async AggregateOperation.execute (/home/yogaraj/Documents/timesheet/nodejsproject/node_modules/mongodb/lib/operations/aggregate.js:85:21)
    at async executeOperation (/home/yogaraj/Documents/timesheet/nodejsproject/node_modules/mongodb/lib/operations/execute_operation.js:136:16)
    at async AggregationCursor._initialize (/home/yogaraj/Documents/timesheet/nodejsproject/node_modules/mongodb/lib/cursor/aggregation_cursor.js:46:26)
    at async [kInit] (/home/yogaraj/Documents/timesheet/nodejsproject/node_modules/mongodb/lib/cursor/abstract_cursor.js:463:27)
    at async next (/home/yogaraj/Documents/timesheet/nodejsproject/node_modules/mongodb/lib/cursor/abstract_cursor.js:520:13)
2024-10-09T05:59:08.624Z error: Exception occured during login: MongoServerError: Unrecognized pipeline stage name: '$or'
    at Connection.sendCommand (/home/yogaraj/Documents/timesheet/nodejsproject/node_modules/mongodb/lib/cmap/connection.js:297:27)
    at process.processTicksAndRejections (node:internal/process/task_queues:95:5)
    at async Connection.command (/home/yogaraj/Documents/timesheet/nodejsproject/node_modules/mongodb/lib/cmap/connection.js:325:26)
    at async Server.command (/home/yogaraj/Documents/timesheet/nodejsproject/node_modules/mongodb/lib/sdam/server.js:166:24)
    at async AggregateOperation.executeCommand (/home/yogaraj/Documents/timesheet/nodejsproject/node_modules/mongodb/lib/operations/command.js:74:16)
    at async AggregateOperation.execute (/home/yogaraj/Documents/timesheet/nodejsproject/node_modules/mongodb/lib/operations/aggregate.js:85:21)
    at async executeOperation (/home/yogaraj/Documents/timesheet/nodejsproject/node_modules/mongodb/lib/operations/execute_operation.js:136:16)
    at async AggregationCursor._initialize (/home/yogaraj/Documents/timesheet/nodejsproject/node_modules/mongodb/lib/cursor/aggregation_cursor.js:46:26)
    at async [kInit] (/home/yogaraj/Documents/timesheet/nodejsproject/node_modules/mongodb/lib/cursor/abstract_cursor.js:463:27)
    at async next (/home/yogaraj/Documents/timesheet/nodejsproject/node_modules/mongodb/lib/cursor/abstract_cursor.js:520:13)
2024-10-09T06:00:37.745Z error: Exception occured during login: MongooseError: Aggregate has empty pipeline
    at Aggregate.exec (/home/yogaraj/Documents/timesheet/nodejsproject/node_modules/mongoose/lib/aggregate.js:1051:11)
    at process.processTicksAndRejections (node:internal/process/task_queues:95:5)
    at async exports.getProducts (/home/yogaraj/Documents/timesheet/nodejsproject/src/services/product.service.js:85:25)
    at async exports.getProducts (/home/yogaraj/Documents/timesheet/nodejsproject/src/controllers/product.controller.js:8:18)
2024-10-09T06:19:58.139Z error: Exception occured during login: MongoServerError: $regex has to be a string
    at Connection.sendCommand (/home/yogaraj/Documents/timesheet/nodejsproject/node_modules/mongodb/lib/cmap/connection.js:297:27)
    at process.processTicksAndRejections (node:internal/process/task_queues:95:5)
    at async Connection.command (/home/yogaraj/Documents/timesheet/nodejsproject/node_modules/mongodb/lib/cmap/connection.js:325:26)
    at async Server.command (/home/yogaraj/Documents/timesheet/nodejsproject/node_modules/mongodb/lib/sdam/server.js:166:24)
    at async AggregateOperation.executeCommand (/home/yogaraj/Documents/timesheet/nodejsproject/node_modules/mongodb/lib/operations/command.js:74:16)
    at async AggregateOperation.execute (/home/yogaraj/Documents/timesheet/nodejsproject/node_modules/mongodb/lib/operations/aggregate.js:85:21)
    at async executeOperation (/home/yogaraj/Documents/timesheet/nodejsproject/node_modules/mongodb/lib/operations/execute_operation.js:136:16)
    at async AggregationCursor._initialize (/home/yogaraj/Documents/timesheet/nodejsproject/node_modules/mongodb/lib/cursor/aggregation_cursor.js:46:26)
    at async [kInit] (/home/yogaraj/Documents/timesheet/nodejsproject/node_modules/mongodb/lib/cursor/abstract_cursor.js:463:27)
    at async next (/home/yogaraj/Documents/timesheet/nodejsproject/node_modules/mongodb/lib/cursor/abstract_cursor.js:520:13)
2024-10-09T06:23:16.717Z error: Exception occured during login: ReferenceError: stock is not defined
    at exports.getProducts (/home/yogaraj/Documents/timesheet/nodejsproject/src/services/product.service.js:93:26)
    at exports.getProducts (/home/yogaraj/Documents/timesheet/nodejsproject/src/controllers/product.controller.js:8:39)
    at Layer.handle [as handle_request] (/home/yogaraj/Documents/timesheet/nodejsproject/node_modules/express/lib/router/layer.js:95:5)
    at next (/home/yogaraj/Documents/timesheet/nodejsproject/node_modules/express/lib/router/route.js:149:13)
    at /home/yogaraj/Documents/timesheet/nodejsproject/src/middleware/user.middleware.js:13:9
    at Layer.handle [as handle_request] (/home/yogaraj/Documents/timesheet/nodejsproject/node_modules/express/lib/router/layer.js:95:5)
    at next (/home/yogaraj/Documents/timesheet/nodejsproject/node_modules/express/lib/router/route.js:149:13)
    at /home/yogaraj/Documents/timesheet/nodejsproject/src/middleware/auth.middleware.js:15:13
    at /home/yogaraj/Documents/timesheet/nodejsproject/node_modules/jsonwebtoken/verify.js:261:12
    at getSecret (/home/yogaraj/Documents/timesheet/nodejsproject/node_modules/jsonwebtoken/verify.js:97:14)
2024-10-09T06:34:33.563Z error: Exception occured during login: Error: Arguments must be aggregate pipeline operators
    at Aggregate.append (/home/yogaraj/Documents/timesheet/nodejsproject/node_modules/mongoose/lib/aggregate.js:149:11)
    at new Aggregate (/home/yogaraj/Documents/timesheet/nodejsproject/node_modules/mongoose/lib/aggregate.js:59:17)
    at Function.aggregate (/home/yogaraj/Documents/timesheet/nodejsproject/node_modules/mongoose/lib/model.js:3902:21)
    at exports.getProducts (/home/yogaraj/Documents/timesheet/nodejsproject/src/services/product.service.js:105:44)
    at exports.getProducts (/home/yogaraj/Documents/timesheet/nodejsproject/src/controllers/product.controller.js:8:39)
    at Layer.handle [as handle_request] (/home/yogaraj/Documents/timesheet/nodejsproject/node_modules/express/lib/router/layer.js:95:5)
    at next (/home/yogaraj/Documents/timesheet/nodejsproject/node_modules/express/lib/router/route.js:149:13)
    at /home/yogaraj/Documents/timesheet/nodejsproject/src/middleware/user.middleware.js:13:9
    at Layer.handle [as handle_request] (/home/yogaraj/Documents/timesheet/nodejsproject/node_modules/express/lib/router/layer.js:95:5)
    at next (/home/yogaraj/Documents/timesheet/nodejsproject/node_modules/express/lib/router/route.js:149:13)
2024-10-09T06:37:48.086Z error: Exception occured during login: Error: Arguments must be aggregate pipeline operators
    at Aggregate.append (/home/yogaraj/Documents/timesheet/nodejsproject/node_modules/mongoose/lib/aggregate.js:149:11)
    at new Aggregate (/home/yogaraj/Documents/timesheet/nodejsproject/node_modules/mongoose/lib/aggregate.js:59:17)
    at Function.aggregate (/home/yogaraj/Documents/timesheet/nodejsproject/node_modules/mongoose/lib/model.js:3902:21)
    at exports.getProducts (/home/yogaraj/Documents/timesheet/nodejsproject/src/services/product.service.js:108:44)
    at exports.getProducts (/home/yogaraj/Documents/timesheet/nodejsproject/src/controllers/product.controller.js:8:39)
    at Layer.handle [as handle_request] (/home/yogaraj/Documents/timesheet/nodejsproject/node_modules/express/lib/router/layer.js:95:5)
    at next (/home/yogaraj/Documents/timesheet/nodejsproject/node_modules/express/lib/router/route.js:149:13)
    at /home/yogaraj/Documents/timesheet/nodejsproject/src/middleware/user.middleware.js:13:9
    at Layer.handle [as handle_request] (/home/yogaraj/Documents/timesheet/nodejsproject/node_modules/express/lib/router/layer.js:95:5)
    at next (/home/yogaraj/Documents/timesheet/nodejsproject/node_modules/express/lib/router/route.js:149:13)
2024-10-09T06:38:42.173Z error: Exception occured during login: Error: Arguments must be aggregate pipeline operators
    at Aggregate.append (/home/yogaraj/Documents/timesheet/nodejsproject/node_modules/mongoose/lib/aggregate.js:149:11)
    at new Aggregate (/home/yogaraj/Documents/timesheet/nodejsproject/node_modules/mongoose/lib/aggregate.js:59:17)
    at Function.aggregate (/home/yogaraj/Documents/timesheet/nodejsproject/node_modules/mongoose/lib/model.js:3902:21)
    at exports.getProducts (/home/yogaraj/Documents/timesheet/nodejsproject/src/services/product.service.js:110:44)
    at exports.getProducts (/home/yogaraj/Documents/timesheet/nodejsproject/src/controllers/product.controller.js:8:39)
    at Layer.handle [as handle_request] (/home/yogaraj/Documents/timesheet/nodejsproject/node_modules/express/lib/router/layer.js:95:5)
    at next (/home/yogaraj/Documents/timesheet/nodejsproject/node_modules/express/lib/router/route.js:149:13)
    at /home/yogaraj/Documents/timesheet/nodejsproject/src/middleware/user.middleware.js:13:9
    at Layer.handle [as handle_request] (/home/yogaraj/Documents/timesheet/nodejsproject/node_modules/express/lib/router/layer.js:95:5)
    at next (/home/yogaraj/Documents/timesheet/nodejsproject/node_modules/express/lib/router/route.js:149:13)
2024-10-09T06:41:49.798Z error: Exception occured during login: Error: Arguments must be aggregate pipeline operators
    at Aggregate.append (/home/yogaraj/Documents/timesheet/nodejsproject/node_modules/mongoose/lib/aggregate.js:149:11)
    at new Aggregate (/home/yogaraj/Documents/timesheet/nodejsproject/node_modules/mongoose/lib/aggregate.js:59:17)
    at Function.aggregate (/home/yogaraj/Documents/timesheet/nodejsproject/node_modules/mongoose/lib/model.js:3902:21)
    at exports.getProducts (/home/yogaraj/Documents/timesheet/nodejsproject/src/services/product.service.js:110:44)
    at exports.getProducts (/home/yogaraj/Documents/timesheet/nodejsproject/src/controllers/product.controller.js:8:39)
    at Layer.handle [as handle_request] (/home/yogaraj/Documents/timesheet/nodejsproject/node_modules/express/lib/router/layer.js:95:5)
    at next (/home/yogaraj/Documents/timesheet/nodejsproject/node_modules/express/lib/router/route.js:149:13)
    at /home/yogaraj/Documents/timesheet/nodejsproject/src/middleware/user.middleware.js:13:9
    at Layer.handle [as handle_request] (/home/yogaraj/Documents/timesheet/nodejsproject/node_modules/express/lib/router/layer.js:95:5)
    at next (/home/yogaraj/Documents/timesheet/nodejsproject/node_modules/express/lib/router/route.js:149:13)
2024-10-09T06:41:54.618Z error: Exception occured during login: Error: Arguments must be aggregate pipeline operators
    at Aggregate.append (/home/yogaraj/Documents/timesheet/nodejsproject/node_modules/mongoose/lib/aggregate.js:149:11)
    at new Aggregate (/home/yogaraj/Documents/timesheet/nodejsproject/node_modules/mongoose/lib/aggregate.js:59:17)
    at Function.aggregate (/home/yogaraj/Documents/timesheet/nodejsproject/node_modules/mongoose/lib/model.js:3902:21)
    at exports.getProducts (/home/yogaraj/Documents/timesheet/nodejsproject/src/services/product.service.js:110:44)
    at exports.getProducts (/home/yogaraj/Documents/timesheet/nodejsproject/src/controllers/product.controller.js:8:39)
    at Layer.handle [as handle_request] (/home/yogaraj/Documents/timesheet/nodejsproject/node_modules/express/lib/router/layer.js:95:5)
    at next (/home/yogaraj/Documents/timesheet/nodejsproject/node_modules/express/lib/router/route.js:149:13)
    at /home/yogaraj/Documents/timesheet/nodejsproject/src/middleware/user.middleware.js:13:9
    at Layer.handle [as handle_request] (/home/yogaraj/Documents/timesheet/nodejsproject/node_modules/express/lib/router/layer.js:95:5)
    at next (/home/yogaraj/Documents/timesheet/nodejsproject/node_modules/express/lib/router/route.js:149:13)
2024-10-09T07:31:01.858Z error: Exception occured during login: ReferenceError: stock is not defined
    at exports.getProducts (/home/yogaraj/Documents/timesheet/nodejsproject/src/services/product.service.js:83:39)
    at exports.getProducts (/home/yogaraj/Documents/timesheet/nodejsproject/src/controllers/product.controller.js:8:39)
    at Layer.handle [as handle_request] (/home/yogaraj/Documents/timesheet/nodejsproject/node_modules/express/lib/router/layer.js:95:5)
    at next (/home/yogaraj/Documents/timesheet/nodejsproject/node_modules/express/lib/router/route.js:149:13)
    at /home/yogaraj/Documents/timesheet/nodejsproject/src/middleware/user.middleware.js:13:9
    at Layer.handle [as handle_request] (/home/yogaraj/Documents/timesheet/nodejsproject/node_modules/express/lib/router/layer.js:95:5)
    at next (/home/yogaraj/Documents/timesheet/nodejsproject/node_modules/express/lib/router/route.js:149:13)
    at /home/yogaraj/Documents/timesheet/nodejsproject/src/middleware/auth.middleware.js:15:13
    at /home/yogaraj/Documents/timesheet/nodejsproject/node_modules/jsonwebtoken/verify.js:261:12
    at getSecret (/home/yogaraj/Documents/timesheet/nodejsproject/node_modules/jsonwebtoken/verify.js:97:14)
2024-10-09T07:31:25.088Z error: Exception occured during login: MongoServerError: a group specification must include an _id
    at Connection.sendCommand (/home/yogaraj/Documents/timesheet/nodejsproject/node_modules/mongodb/lib/cmap/connection.js:297:27)
    at process.processTicksAndRejections (node:internal/process/task_queues:95:5)
    at async Connection.command (/home/yogaraj/Documents/timesheet/nodejsproject/node_modules/mongodb/lib/cmap/connection.js:325:26)
    at async Server.command (/home/yogaraj/Documents/timesheet/nodejsproject/node_modules/mongodb/lib/sdam/server.js:166:24)
    at async AggregateOperation.executeCommand (/home/yogaraj/Documents/timesheet/nodejsproject/node_modules/mongodb/lib/operations/command.js:74:16)
    at async AggregateOperation.execute (/home/yogaraj/Documents/timesheet/nodejsproject/node_modules/mongodb/lib/operations/aggregate.js:85:21)
    at async executeOperation (/home/yogaraj/Documents/timesheet/nodejsproject/node_modules/mongodb/lib/operations/execute_operation.js:136:16)
    at async AggregationCursor._initialize (/home/yogaraj/Documents/timesheet/nodejsproject/node_modules/mongodb/lib/cursor/aggregation_cursor.js:46:26)
    at async [kInit] (/home/yogaraj/Documents/timesheet/nodejsproject/node_modules/mongodb/lib/cursor/abstract_cursor.js:463:27)
    at async next (/home/yogaraj/Documents/timesheet/nodejsproject/node_modules/mongodb/lib/cursor/abstract_cursor.js:520:13)
2024-10-09T07:31:41.441Z error: Exception occured during login: ReferenceError: id is not defined
    at exports.getProducts (/home/yogaraj/Documents/timesheet/nodejsproject/src/services/product.service.js:83:26)
    at exports.getProducts (/home/yogaraj/Documents/timesheet/nodejsproject/src/controllers/product.controller.js:8:39)
    at Layer.handle [as handle_request] (/home/yogaraj/Documents/timesheet/nodejsproject/node_modules/express/lib/router/layer.js:95:5)
    at next (/home/yogaraj/Documents/timesheet/nodejsproject/node_modules/express/lib/router/route.js:149:13)
    at /home/yogaraj/Documents/timesheet/nodejsproject/src/middleware/user.middleware.js:13:9
    at Layer.handle [as handle_request] (/home/yogaraj/Documents/timesheet/nodejsproject/node_modules/express/lib/router/layer.js:95:5)
    at next (/home/yogaraj/Documents/timesheet/nodejsproject/node_modules/express/lib/router/route.js:149:13)
    at /home/yogaraj/Documents/timesheet/nodejsproject/src/middleware/auth.middleware.js:15:13
    at /home/yogaraj/Documents/timesheet/nodejsproject/node_modules/jsonwebtoken/verify.js:261:12
    at getSecret (/home/yogaraj/Documents/timesheet/nodejsproject/node_modules/jsonwebtoken/verify.js:97:14)
2024-10-09T07:31:53.213Z error: Exception occured during login: ReferenceError: _id is not defined
    at exports.getProducts (/home/yogaraj/Documents/timesheet/nodejsproject/src/services/product.service.js:83:25)
    at exports.getProducts (/home/yogaraj/Documents/timesheet/nodejsproject/src/controllers/product.controller.js:8:39)
    at Layer.handle [as handle_request] (/home/yogaraj/Documents/timesheet/nodejsproject/node_modules/express/lib/router/layer.js:95:5)
    at next (/home/yogaraj/Documents/timesheet/nodejsproject/node_modules/express/lib/router/route.js:149:13)
    at /home/yogaraj/Documents/timesheet/nodejsproject/src/middleware/user.middleware.js:13:9
    at Layer.handle [as handle_request] (/home/yogaraj/Documents/timesheet/nodejsproject/node_modules/express/lib/router/layer.js:95:5)
    at next (/home/yogaraj/Documents/timesheet/nodejsproject/node_modules/express/lib/router/route.js:149:13)
    at /home/yogaraj/Documents/timesheet/nodejsproject/src/middleware/auth.middleware.js:15:13
    at /home/yogaraj/Documents/timesheet/nodejsproject/node_modules/jsonwebtoken/verify.js:261:12
    at getSecret (/home/yogaraj/Documents/timesheet/nodejsproject/node_modules/jsonwebtoken/verify.js:97:14)
2024-10-09T07:32:13.346Z error: Exception occured during login: ReferenceError: _id is not defined
    at exports.getProducts (/home/yogaraj/Documents/timesheet/nodejsproject/src/services/product.service.js:71:25)
    at exports.getProducts (/home/yogaraj/Documents/timesheet/nodejsproject/src/controllers/product.controller.js:8:39)
    at Layer.handle [as handle_request] (/home/yogaraj/Documents/timesheet/nodejsproject/node_modules/express/lib/router/layer.js:95:5)
    at next (/home/yogaraj/Documents/timesheet/nodejsproject/node_modules/express/lib/router/route.js:149:13)
    at /home/yogaraj/Documents/timesheet/nodejsproject/src/middleware/user.middleware.js:13:9
    at Layer.handle [as handle_request] (/home/yogaraj/Documents/timesheet/nodejsproject/node_modules/express/lib/router/layer.js:95:5)
    at next (/home/yogaraj/Documents/timesheet/nodejsproject/node_modules/express/lib/router/route.js:149:13)
    at /home/yogaraj/Documents/timesheet/nodejsproject/src/middleware/auth.middleware.js:15:13
    at /home/yogaraj/Documents/timesheet/nodejsproject/node_modules/jsonwebtoken/verify.js:261:12
    at getSecret (/home/yogaraj/Documents/timesheet/nodejsproject/node_modules/jsonwebtoken/verify.js:97:14)
